<?xml version="1.0" encoding="UTF-8"?>
<testsuite xmlns:xsi="http://www.w3.org/2001/XMLSchema-instance" xsi:noNamespaceSchemaLocation="https://maven.apache.org/surefire/maven-surefire-plugin/xsd/surefire-test-report.xsd" version="3.0.2" name="com.e_commerce.sms.SmsApplicationTests" time="5.309" tests="1" errors="0" skipped="0" failures="0" flakes="0">
  <properties>
[...]
</properties>
  <testcase name="contextLoads" classname="com.e_commerce.sms.SmsApplicationTests" time="0.562">
    <system-out><![CDATA[19:35:54.771 [main] INFO org.springframework.test.context.support.AnnotationConfigContextLoaderUtils -- Could not detect default configuration classes for test class [com.e_commerce.sms.SmsApplicationTests]: SmsApplicationTests does not declare any static, non-private, non-final, nested classes annotated with @Configuration.
19:35:54.924 [main] INFO org.springframework.boot.test.context.SpringBootTestContextBootstrapper -- Found @SpringBootConfiguration com.e_commerce.sms.SmsApplication for test class com.e_commerce.sms.SmsApplicationTests
19:35:55.043 [main] INFO org.springframework.test.context.support.AnnotationConfigContextLoaderUtils -- Could not detect default configuration classes for test class [com.e_commerce.sms.SmsApplicationTests]: SmsApplicationTests does not declare any static, non-private, non-final, nested classes annotated with @Configuration.
19:35:55.049 [main] INFO org.springframework.boot.test.context.SpringBootTestContextBootstrapper -- Found @SpringBootConfiguration com.e_commerce.sms.SmsApplication for test class com.e_commerce.sms.SmsApplicationTests

  .   ____          _            __ _ _
 /\\ / ___'_ __ _ _(_)_ __  __ _ \ \ \ \
( ( )\___ | '_ | '_| | '_ \/ _` | \ \ \ \
 \\/  ___)| |_)| | | | | || (_| |  ) ) ) )
  '  |____| .__|_| |_|_| |_\__, | / / / /
 =========|_|==============|___/=/_/_/_/

 :: Spring Boot ::       (v4.1.1-SNAPSHOT)

2026-09-14T19:35:55.577-03:00  INFO 31955 --- [sms-system] [           main] com.e_commerce.sms.SmsApplicationTests   : Starting SmsApplicationTests using Java 26.0.2 with PID 31955 (started by adriano in /home/adriano/git/ImpossibleProject/sms-system)
2026-09-14T19:35:55.580-03:00  INFO 31955 --- [sms-system] [           main] com.e_commerce.sms.SmsApplicationTests   : No active profile set, falling back to 1 default profile: "default"
2026-09-14T19:35:56.625-03:00  INFO 31955 --- [sms-system] [           main] .s.d.r.c.RepositoryConfigurationDelegate : Bootstrapping Spring Data JPA repositories in DEFAULT mode.
2026-09-14T19:35:56.647-03:00  INFO 31955 --- [sms-system] [           main] .s.d.r.c.RepositoryConfigurationDelegate : Finished Spring Data repository scanning in 12 ms. Found 0 JPA repository interfaces.
2026-09-14T19:35:57.155-03:00  INFO 31955 --- [sms-system] [           main] org.hibernate.orm.jpa                    : HHH008540: Processing PersistenceUnitInfo [name: default]
2026-09-14T19:35:57.223-03:00  INFO 31955 --- [sms-system] [           main] org.hibernate.orm.core                   : HHH000001: Hibernate ORM core version 7.4.5.Final
2026-09-14T19:35:57.679-03:00  INFO 31955 --- [sms-system] [           main] o.s.o.j.p.SpringPersistenceUnitInfo      : No LoadTimeWeaver setup: ignoring JPA class transformer
2026-09-14T19:35:57.705-03:00  INFO 31955 --- [sms-system] [           main] com.zaxxer.hikari.HikariDataSource       : HikariPool-1 - Starting...
2026-09-14T19:35:57.862-03:00  INFO 31955 --- [sms-system] [           main] com.zaxxer.hikari.pool.HikariPool        : HikariPool-1 - Added connection org.postgresql.jdbc.PgConnection@4aa517c3
2026-09-14T19:35:57.864-03:00  INFO 31955 --- [sms-system] [           main] com.zaxxer.hikari.HikariDataSource       : HikariPool-1 - Start completed.
2026-09-14T19:35:57.933-03:00  INFO 31955 --- [sms-system] [           main] org.hibernate.orm.connections.pooling    : HHH10001005: Database info:
	Database JDBC URL [jdbc:postgresql://localhost:5432/e_commerce_db]
	Database driver: PostgreSQL JDBC Driver
	Database dialect: PostgreSQLDialect
	Database version: 16.15
	Default catalog/schema: e_commerce_db/public
	Autocommit mode: undefined/unknown
	Isolation level: READ_COMMITTED [default READ_COMMITTED]
	JDBC fetch size: none
	Pool: DataSourceConnectionProvider
	Minimum pool size: undefined/unknown
	Maximum pool size: undefined/unknown
2026-09-14T19:35:58.326-03:00  INFO 31955 --- [sms-system] [           main] org.hibernate.orm.core                   : HHH000489: No JTA platform available (set 'hibernate.transaction.jta.platform' to enable JTA platform integration)
2026-09-14T19:35:58.402-03:00  INFO 31955 --- [sms-system] [           main] j.LocalContainerEntityManagerFactoryBean : Initialized JPA EntityManagerFactory for persistence unit 'default'
2026-09-14T19:35:58.624-03:00  WARN 31955 --- [sms-system] [           main] JpaBaseConfiguration$JpaWebConfiguration : spring.jpa.open-in-view is enabled by default. Therefore, database queries may be performed during view rendering. Explicitly configure spring.jpa.open-in-view to disable this warning
2026-09-14T19:35:59.314-03:00  INFO 31955 --- [sms-system] [           main] com.e_commerce.sms.SmsApplicationTests   : Started SmsApplicationTests in 4.178 seconds (process running for 5.369)
]]></system-out>
    <system-err><![CDATA[Mockito is currently self-attaching to enable the inline-mock-maker. This will no longer work in future releases of the JDK. Please add Mockito as an agent to your build as described in Mockito's documentation: https://javadoc.io/doc/org.mockito/mockito-core/latest/org.mockito/org/mockito/Mockito.html#0.3
WARNING: A Java agent has been loaded dynamically (/home/adriano/.m2/repository/net/bytebuddy/byte-buddy-agent/1.18.11/byte-buddy-agent-1.18.11.jar)
WARNING: If a serviceability tool is in use, please run with -XX:+EnableDynamicAgentLoading to hide this warning
WARNING: If a serviceability tool is not in use, please run with -Djdk.instrument.traceUsage for more information
WARNING: Dynamic loading of agents will be disallowed by default in a future release
]]></system-err>
  </testcase>
</testsuite>